<?xml version="1.0" encoding="UTF-8"?>
<!-- Generated by org.testng.reporters.JUnitReportReporter -->
<testsuite hostname="LAPTOP-TTIULDMC" failures="0" tests="1" name="testpackage.Shoptest" time="41.883" errors="0" timestamp="2024-03-29T17:53:14 IST" skipped="0">
  <testcase classname="testpackage.Shoptest" name="shoptesting" time="41.883"/>
</testsuite> <!-- testpackage.Shoptest -->
